

STATS SUMMARY
=============

General stats
--------------------

Sample time:                                            0.003 [Seconds]
Number of SSL packets:                                    212 [Packets]
Rate of SSL packets:                                    0.000 [Packets/sec]
Number of SSL flows:                                       14 [Flows]
Rate of SSL flows:                                      0.000 [Flows/sec]
Total SSL data:                                        236793 [Bytes]
Rate of SSL data:                                       0.000 [Bytes/sec]
Average packets per flow:                              15.143 [Packets]
Average data per flow:                              16913.786 [Bytes]
Client-hello message:                                      10 [Messages]
Server-hello message:                                      11 [Messages]
Number of SSL flows with successful handshake:             13 [Flows]
Number of SSL flows ended with alert:                       2 [Flows]

SSL/TLS ports count
--------------------

-------------------------
| SSL/TLS ports | Count |
-------------------------
| 443           | 14    |
-------------------------

SSL versions count
--------------------

----------------------------------------
| SSL record version           | Count |
----------------------------------------
| 771                          | 11    |
----------------------------------------

Client-hello versions count
--------------------

----------------------------------------
| Client-hello version         | Count |
----------------------------------------
| 769                          | 10    |
----------------------------------------

Cipher-suite count
--------------------

--------------------------------------------------------------
| Cipher-suite                                       | Count |
--------------------------------------------------------------
| TLS_RSA_WITH_AES_128_CBC_SHA                       | 7     |
| TLS_ECDHE_ECDSA_WITH_AES_128_GCM_SHA256            | 4     |
--------------------------------------------------------------

Server-name count
--------------------

----------------------------------------------------
| Hostname                                 | Count |
----------------------------------------------------
| portal.konkuk.ac.kr                      | 6     |
| adservice.google.com                     | 1     |
| clients1.google.com                      | 1     |
| clients4.google.com                      | 1     |
| sso.konkuk.ac.kr                         | 1     |
----------------------------------------------------
